Processing CV_1.pdf...
[organize_node] Organizing CV information into structured format...
[safe_invoke] response: {
  "personal_info": {
    "name": "John Smith",
    "professional_summary": "Marketing Professional",
    "locations": [
      "Singapore",
      "Kowloon"
    ]
  },
  "education": [
    {
      "institution": "McGill University",
      "degree": "Bachelor of Science (BSc) in Marketing",
      "graduation_year": "2009"
    }
  ],
  "experience": [
    {
      "company": "ByteDance",
      "job_title": "Engineer",
      "period": "2020 – Present",
      "responsibilities": [
        "Worked in a fast-paced, global technology environment.",
        "Collaborated across teams to support large-scale platforms.",
        "Applied analytical and problem-solving skills in production systems."
      ]
    }
  ],
  "skills": [
    "Content Creation",
    "SEO",
    "Social Media"
  ]
}
[search_node] Searching for LinkedIn and Facebook profiles...
[search_node] candidates for John Smith: [{'type': 'text', 'text': '[{"id":9,"name":"John Smith","headline":"Marketing Professional","industry":"Marketing","location":"Singapore, Singapore","years_experience":7,"match_type":"exact"},{"id":377,"name":"John Smith","headline":"Marketing Professional","industry":"Marketing","location":"Singapore, Singapore","years_experience":1,"match_type":"exact"},{"id":1636,"name":"John Smith","headline":"Marketing Professional","industry":"Marketing","location":"Singapore, Singapore","years_experience":17,"match_type":"exact"},{"id":5145,"name":"John Smith","headline":"Marketing Professional","industry":"Marketing","location":"Singapore, Singapore","years_experience":0,"match_type":"exact"},{"id":6151,"name":"John Smith","headline":"Marketing Professional","industry":"Marketing","location":"Singapore, Singapore","years_experience":10,"match_type":"exact"},{"id":7124,"name":"John Smith","headline":"Marketing Professional","industry":"Marketing","location":"Singapore, Singapore","years_experience":11,"match_type":"exact"},{"id":9814,"name":"John Smith","headline":"Marketing Professional","industry":"Marketing","location":"Singapore, Singapore","years_experience":1,"match_type":"exact"}]', 'id': 'lc_543562cc-3e74-4e48-a588-e20e2371a902'}, {'type': 'text', 'text': '[{"id":9603,"name":"John Smith","headline":"Marketing Professional","industry":"Marketing","location":"Kowloon, Hong Kong","years_experience":11,"match_type":"exact"}]', 'id': 'lc_083de249-43ca-46ef-8a78-85796602f1bd'}]
[search_node] Prompt for candidate search:

You are a professional background check expert. Please compare the job seeker's CV information with the following list of candidates found on LinkedIn.

[CV Information]
Name: John Smith
Summary: Marketing Professional
Locations: Singapore, Kowloon

[LinkedIn Search Results]
[
  {
    "type": "text",
    "text": "[{\"id\":9,\"name\":\"John Smith\",\"headline\":\"Marketing Professional\",\"industry\":\"Marketing\",\"location\":\"Singapore, Singapore\",\"years_experience\":7,\"match_type\":\"exact\"},{\"id\":377,\"name\":\"John Smith\",\"headline\":\"Marketing Professional\",\"industry\":\"Marketing\",\"location\":\"Singapore, Singapore\",\"years_experience\":1,\"match_type\":\"exact\"},{\"id\":1636,\"name\":\"John Smith\",\"headline\":\"Marketing Professional\",\"industry\":\"Marketing\",\"location\":\"Singapore, Singapore\",\"years_experience\":17,\"match_type\":\"exact\"},{\"id\":5145,\"name\":\"John Smith\",\"headline\":\"Marketing Professional\",\"industry\":\"Marketing\",\"location\":\"Singapore, Singapore\",\"years_experience\":0,\"match_type\":\"exact\"},{\"id\":6151,\"name\":\"John Smith\",\"headline\":\"Marketing Professional\",\"industry\":\"Marketing\",\"location\":\"Singapore, Singapore\",\"years_experience\":10,\"match_type\":\"exact\"},{\"id\":7124,\"name\":\"John Smith\",\"headline\":\"Marketing Professional\",\"industry\":\"Marketing\",\"location\":\"Singapore, Singapore\",\"years_experience\":11,\"match_type\":\"exact\"},{\"id\":9814,\"name\":\"John Smith\",\"headline\":\"Marketing Professional\",\"industry\":\"Marketing\",\"location\":\"Singapore, Singapore\",\"years_experience\":1,\"match_type\":\"exact\"}]",
    "id": "lc_543562cc-3e74-4e48-a588-e20e2371a902"
  },
  {
    "type": "text",
    "text": "[{\"id\":9603,\"name\":\"John Smith\",\"headline\":\"Marketing Professional\",\"industry\":\"Marketing\",\"location\":\"Kowloon, Hong Kong\",\"years_experience\":11,\"match_type\":\"exact\"}]",
    "id": "lc_083de249-43ca-46ef-8a78-85796602f1bd"
  }
]
Please analyze which candidate is **MOST LIKELY** the job seeker.

[Output Format]
Your response **must** be a JSON object with the following format:
- thought (str): One sentence thought process.
- id (str): Candidate ID found from LinkedIn or Facebook.
Here is an example of the expected output format:
{
  "thought": <string>,
  "id": <string>
}


[safe_invoke] response: {
  "thought": "The job seeker's CV lists two locations: Singapore and Kowloon. While there are multiple LinkedIn profiles matching the name and headline in Singapore, there is only one unique profile (ID 9603) that matches the name, headline, and the Kowloon location, making it the most distinct and therefore most likely candidate.",
  "id": "9603"
}
[investigate_node] Investigating discrepancies between CV and LinkedIn profile...
[investigate_node] Prompt for investigation:

You are a professional background check expert. Please compare the job seeker's CV information with the LinkedIn profile information.
[CV Information]
{'personal_info': {'name': 'John Smith', 'professional_summary': 'Marketing Professional', 'locations': ['Singapore', 'Kowloon']}, 'education': [{'institution': 'McGill University', 'degree': 'Bachelor of Science (BSc) in Marketing', 'graduation_year': '2009'}], 'experience': [{'company': 'ByteDance', 'job_title': 'Engineer', 'period': '2020 – Present', 'responsibilities': ['Worked in a fast-paced, global technology environment.', 'Collaborated across teams to support large-scale platforms.', 'Applied analytical and problem-solving skills in production systems.']}], 'skills': ['Content Creation', 'SEO', 'Social Media']}
[LinkedIn Profile Information]
[{'type': 'text', 'text': '{"id":9603,"name":"John Smith","headline":"Marketing Professional","city":"Kowloon","country":"Hong Kong","industry":"Marketing","status":"open_to_work","years_experience":11,"summary":"Particular night season increase put wife against. Other cover sign that. Investment expect old energy.","skills":[{"name":"Advertising","proficiency":1},{"name":"Social Media","proficiency":2},{"name":"SEO","proficiency":4},{"name":"Content Creation","proficiency":3}],"experience":[{"company":"Meta","title":"Scientist","seniority":"junior","start_year":2011,"end_year":null,"is_current":true},{"company":"Bright Solutions","title":"Scientist","seniority":"senior","start_year":2017,"end_year":2019,"is_current":true}],"education":[{"school":"Seoul National University","degree":"BSc","field":"Marketing","start_year":2003,"end_year":2008}]}', 'id': 'lc_c02ea409-545e-4a0b-bae0-3e216086fa97'}]
[scoring criteria]
Each cv credibility is scored between [0, 1]. 1.0 indicates perfect match and no discrepancies. 0.0 indicates major discrepancies. You need to identify all mismatches and deduct points according to the following rules:

1. Core Resume Falsification (High, -0.3): The company listed on the CV does not exist on LinkedIn.
2. Education Falsification (High, -0.3): The school or degree is seriously inconsistent.
3. Exaggerated Job Title (Medium, -0.15): The CV states Senior/Director, but LinkedIn lists it as Junior/Parallel.
4. Exaggerated Work Hours (Medium, -0.15): The work hours listed on the CV do not match those on LinkedIn.
5. Overstated Skills (Low, -0.05): The core skills listed on the CV do not match those on LinkedIn.
[Output Format]
Your response **must** be a JSON object with the following format:
- discrepancies (list): Discrepancies found between CV and LinkedIn profile.
Here is an example of the expected output format:
{
  "discrepancies": [
    {
      "severity": <string>,
      "reason": <string>
    },
    ...
  ]
}


[safe_invoke] response: {
  "discrepancies": [
    {
      "severity": "High",
      "reason": "The company 'ByteDance' listed on the CV for the period '2020 – Present' does not appear on the LinkedIn profile. Instead, LinkedIn shows current employment at 'Meta' since 2011 and a previous role at 'Bright Solutions'."
    },
    {
      "severity": "High",
      "reason": "The education institution 'McGill University' and graduation year '2009' on the CV do not match the LinkedIn profile, which lists 'Seoul National University' with a graduation period of '2003-2008'."
    },
    {
      "severity": "Medium",
      "reason": "The total professional experience implied by the CV (approximately 4 years, based on the single listed role from 2020-Present) does not match the 11 years of experience stated on the LinkedIn profile."
    }
  ]
}
Processing CV_2.pdf...
[organize_node] Organizing CV information into structured format...
[safe_invoke] response: {
  "personal_info": {
    "name": "Minh Pham",
    "professional_summary": "Design Professional",
    "locations": [
      "Beijing",
      "Hong Kong"
    ]
  },
  "education": [
    {
      "institution": "The University of Hong Kong",
      "degree": "BSc in Design",
      "graduation_year": "2011"
    }
  ],
  "experience": [
    {
      "company": "Tencent",
      "job_title": "Analyst",
      "period": "2013 – 2017",
      "responsibilities": [
        "Conducted market and product analysis to support decision-making.",
        "Collaborated with design and engineering teams.",
        "Produced reports and insights for senior leadership."
      ]
    }
  ],
  "skills": [
    "UI/UX Design",
    "Prototyping",
    "Graphic Design"
  ]
}
[search_node] Searching for LinkedIn and Facebook profiles...
[search_node] candidates for Minh Pham: [{'type': 'text', 'text': '[{"id":47,"name":"Minh Pham","headline":"Design Professional","industry":"Design","location":"Beijing, China","years_experience":12,"match_type":"exact"},{"id":4968,"name":"Minh Pham","headline":"Design Professional","industry":"Design","location":"Beijing, China","years_experience":7,"match_type":"exact"},{"id":7002,"name":"Minh Pham","headline":"Design Professional","industry":"Design","location":"Beijing, China","years_experience":13,"match_type":"exact"},{"id":8411,"name":"Minh Pham","headline":"Design Professional","industry":"Design","location":"Beijing, China","years_experience":11,"match_type":"exact"}]', 'id': 'lc_77547e0e-504f-487f-a788-e01e4a521387'}, {'type': 'text', 'text': '[{"id":2758,"name":"Minh Pham","headline":"Design Professional","industry":"Design","location":"Causeway Bay, Hong Kong","years_experience":1,"match_type":"exact"},{"id":4117,"name":"Minh Pham","headline":"Design Professional","industry":"Design","location":"Kowloon, Hong Kong","years_experience":3,"match_type":"exact"},{"id":5468,"name":"Minh Pham","headline":"Design Professional","industry":"Design","location":"Sha Tin, Hong Kong","years_experience":18,"match_type":"exact"}]', 'id': 'lc_2cf0f4b0-9af8-4f33-ab2e-8f462d30f624'}]
[search_node] Prompt for candidate search:

You are a professional background check expert. Please compare the job seeker's CV information with the following list of candidates found on LinkedIn.

[CV Information]
Name: Minh Pham
Summary: Design Professional
Locations: Beijing, Hong Kong

[LinkedIn Search Results]
[
  {
    "type": "text",
    "text": "[{\"id\":47,\"name\":\"Minh Pham\",\"headline\":\"Design Professional\",\"industry\":\"Design\",\"location\":\"Beijing, China\",\"years_experience\":12,\"match_type\":\"exact\"},{\"id\":4968,\"name\":\"Minh Pham\",\"headline\":\"Design Professional\",\"industry\":\"Design\",\"location\":\"Beijing, China\",\"years_experience\":7,\"match_type\":\"exact\"},{\"id\":7002,\"name\":\"Minh Pham\",\"headline\":\"Design Professional\",\"industry\":\"Design\",\"location\":\"Beijing, China\",\"years_experience\":13,\"match_type\":\"exact\"},{\"id\":8411,\"name\":\"Minh Pham\",\"headline\":\"Design Professional\",\"industry\":\"Design\",\"location\":\"Beijing, China\",\"years_experience\":11,\"match_type\":\"exact\"}]",
    "id": "lc_77547e0e-504f-487f-a788-e01e4a521387"
  },
  {
    "type": "text",
    "text": "[{\"id\":2758,\"name\":\"Minh Pham\",\"headline\":\"Design Professional\",\"industry\":\"Design\",\"location\":\"Causeway Bay, Hong Kong\",\"years_experience\":1,\"match_type\":\"exact\"},{\"id\":4117,\"name\":\"Minh Pham\",\"headline\":\"Design Professional\",\"industry\":\"Design\",\"location\":\"Kowloon, Hong Kong\",\"years_experience\":3,\"match_type\":\"exact\"},{\"id\":5468,\"name\":\"Minh Pham\",\"headline\":\"Design Professional\",\"industry\":\"Design\",\"location\":\"Sha Tin, Hong Kong\",\"years_experience\":18,\"match_type\":\"exact\"}]",
    "id": "lc_2cf0f4b0-9af8-4f33-ab2e-8f462d30f624"
  }
]
Please analyze which candidate is **MOST LIKELY** the job seeker.

[Output Format]
Your response **must** be a JSON object with the following format:
- thought (str): One sentence thought process.
- id (str): Candidate ID found from LinkedIn or Facebook.
Here is an example of the expected output format:
{
  "thought": <string>,
  "id": <string>
}


[safe_invoke] response: {
  "thought": "All LinkedIn candidates match the job seeker's name and headline. The CV lists both Beijing and Hong Kong as locations, and since each LinkedIn profile lists only one location, and no other differentiating information (like years of experience) is provided for the job seeker, there is no objective way to determine the 'most likely' candidate among the equally matching profiles. Therefore, I will select the first candidate presented in the Beijing search results.",
  "id": "47"
}
[investigate_node] Investigating discrepancies between CV and LinkedIn profile...
[investigate_node] Prompt for investigation:

You are a professional background check expert. Please compare the job seeker's CV information with the LinkedIn profile information.
[CV Information]
{'personal_info': {'name': 'Minh Pham', 'professional_summary': 'Design Professional', 'locations': ['Beijing', 'Hong Kong']}, 'education': [{'institution': 'The University of Hong Kong', 'degree': 'BSc in Design', 'graduation_year': '2011'}], 'experience': [{'company': 'Tencent', 'job_title': 'Analyst', 'period': '2013 – 2017', 'responsibilities': ['Conducted market and product analysis to support decision-making.', 'Collaborated with design and engineering teams.', 'Produced reports and insights for senior leadership.']}], 'skills': ['UI/UX Design', 'Prototyping', 'Graphic Design']}
[LinkedIn Profile Information]
[{'type': 'text', 'text': '{"id":47,"name":"Minh Pham","headline":"Design Professional","city":"Beijing","country":"China","industry":"Design","status":"open_to_work","years_experience":12,"summary":"Choose reveal second allow evening authority. Difficult official already build onto. Between measure born feel reach. Subject later generation when.","skills":[{"name":"UI/UX","proficiency":1},{"name":"Prototyping","proficiency":5},{"name":"Graphic Design","proficiency":1}],"experience":[{"company":"BCG","title":"Manager","seniority":"junior","start_year":2022,"end_year":null,"is_current":true},{"company":"Tencent","title":"Analyst","seniority":"junior","start_year":2013,"end_year":2017,"is_current":false}],"education":[{"school":"The University of Hong Kong","degree":"BSc","field":"Design","start_year":2007,"end_year":2011}]}', 'id': 'lc_2654e51e-c146-4486-99c2-b676d1028fbc'}]
[scoring criteria]
Each cv credibility is scored between [0, 1]. 1.0 indicates perfect match and no discrepancies. 0.0 indicates major discrepancies. You need to identify all mismatches and deduct points according to the following rules:

1. Core Resume Falsification (High, -0.3): The company listed on the CV does not exist on LinkedIn.
2. Education Falsification (High, -0.3): The school or degree is seriously inconsistent.
3. Exaggerated Job Title (Medium, -0.15): The CV states Senior/Director, but LinkedIn lists it as Junior/Parallel.
4. Exaggerated Work Hours (Medium, -0.15): The work hours listed on the CV do not match those on LinkedIn.
5. Overstated Skills (Low, -0.05): The core skills listed on the CV do not match those on LinkedIn.
[Output Format]
Your response **must** be a JSON object with the following format:
- discrepancies (list): Discrepancies found between CV and LinkedIn profile.
Here is an example of the expected output format:
{
  "discrepancies": [
    {
      "severity": <string>,
      "reason": <string>
    },
    ...
  ]
}


[safe_invoke] response: {
  "discrepancies": []
}
Processing CV_3.pdf...
[organize_node] Organizing CV information into structured format...
[safe_invoke] response: {
  "personal_info": {
    "name": "Wei Zhang",
    "professional_summary": "Consulting Professional",
    "locations": [
      "Munich",
      "Sydney"
    ]
  },
  "education": [
    {
      "institution": "University of Tokyo",
      "degree": "BSc in Consulting",
      "graduation_year": "2015"
    }
  ],
  "experience": [
    {
      "company": "PwC",
      "job_title": "Engineer",
      "period": "2013 – Present",
      "responsibilities": [
        "Supported consulting engagements across multiple client projects.",
        "Performed data analysis to inform strategic recommendations.",
        "Collaborated with cross-functional teams in a professional services environment."
      ]
    }
  ],
  "skills": [
    "Data Analysis",
    "Problem Solving",
    "Strategy",
    "PowerPoint"
  ]
}
[search_node] Searching for LinkedIn and Facebook profiles...
[search_node] candidates for Wei Zhang: [{'type': 'text', 'text': '[{"id":97,"name":"Wei Zhang","headline":"Consulting Professional","industry":"Consulting","location":"Munich, Germany","years_experience":15,"match_type":"exact"},{"id":8965,"name":"Wei Zhang","headline":"Consulting Professional","industry":"Consulting","location":"Munich, Germany","years_experience":13,"match_type":"exact"}]', 'id': 'lc_6bbc6c10-8826-4280-83b5-98a04c72210f'}, {'type': 'text', 'text': '[{"id":2501,"name":"Wei Zhang","headline":"Consulting Professional","industry":"Consulting","location":"Sydney, Australia","years_experience":8,"match_type":"exact"},{"id":2526,"name":"Wei Zhang","headline":"Consulting Professional","industry":"Consulting","location":"Sydney, Australia","years_experience":6,"match_type":"exact"},{"id":7249,"name":"Wei Zhang","headline":"Consulting Professional","industry":"Consulting","location":"Sydney, Australia","years_experience":3,"match_type":"exact"}]', 'id': 'lc_988ab6a0-387b-44e1-a528-5721b41c7e99'}]
[search_node] Prompt for candidate search:

You are a professional background check expert. Please compare the job seeker's CV information with the following list of candidates found on LinkedIn.

[CV Information]
Name: Wei Zhang
Summary: Consulting Professional
Locations: Munich, Sydney

[LinkedIn Search Results]
[
  {
    "type": "text",
    "text": "[{\"id\":97,\"name\":\"Wei Zhang\",\"headline\":\"Consulting Professional\",\"industry\":\"Consulting\",\"location\":\"Munich, Germany\",\"years_experience\":15,\"match_type\":\"exact\"},{\"id\":8965,\"name\":\"Wei Zhang\",\"headline\":\"Consulting Professional\",\"industry\":\"Consulting\",\"location\":\"Munich, Germany\",\"years_experience\":13,\"match_type\":\"exact\"}]",
    "id": "lc_6bbc6c10-8826-4280-83b5-98a04c72210f"
  },
  {
    "type": "text",
    "text": "[{\"id\":2501,\"name\":\"Wei Zhang\",\"headline\":\"Consulting Professional\",\"industry\":\"Consulting\",\"location\":\"Sydney, Australia\",\"years_experience\":8,\"match_type\":\"exact\"},{\"id\":2526,\"name\":\"Wei Zhang\",\"headline\":\"Consulting Professional\",\"industry\":\"Consulting\",\"location\":\"Sydney, Australia\",\"years_experience\":6,\"match_type\":\"exact\"},{\"id\":7249,\"name\":\"Wei Zhang\",\"headline\":\"Consulting Professional\",\"industry\":\"Consulting\",\"location\":\"Sydney, Australia\",\"years_experience\":3,\"match_type\":\"exact\"}]",
    "id": "lc_988ab6a0-387b-44e1-a528-5721b41c7e99"
  }
]
Please analyze which candidate is **MOST LIKELY** the job seeker.

[Output Format]
Your response **must** be a JSON object with the following format:
- thought (str): One sentence thought process.
- id (str): Candidate ID found from LinkedIn or Facebook.
Here is an example of the expected output format:
{
  "thought": <string>,
  "id": <string>
}


[safe_invoke] response: {
  "thought": "The job seeker's CV lists two locations, 'Munich, Sydney', while each LinkedIn profile lists only one primary location. Since all candidates match the name and headline, and there is no additional information to prioritize one location or candidate over others, selecting a single 'most likely' candidate is ambiguous. However, I must choose one ID. I will select the candidate with the highest years of experience from the first listed location group as a default.",
  "id": "97"
}
[investigate_node] Investigating discrepancies between CV and LinkedIn profile...
[investigate_node] Prompt for investigation:

You are a professional background check expert. Please compare the job seeker's CV information with the LinkedIn profile information.
[CV Information]
{'personal_info': {'name': 'Wei Zhang', 'professional_summary': 'Consulting Professional', 'locations': ['Munich', 'Sydney']}, 'education': [{'institution': 'University of Tokyo', 'degree': 'BSc in Consulting', 'graduation_year': '2015'}], 'experience': [{'company': 'PwC', 'job_title': 'Engineer', 'period': '2013 – Present', 'responsibilities': ['Supported consulting engagements across multiple client projects.', 'Performed data analysis to inform strategic recommendations.', 'Collaborated with cross-functional teams in a professional services environment.']}], 'skills': ['Data Analysis', 'Problem Solving', 'Strategy', 'PowerPoint']}
[LinkedIn Profile Information]
[{'type': 'text', 'text': '{"id":97,"name":"Wei Zhang","headline":"Consulting Professional","city":"Munich","country":"Germany","industry":"Consulting","status":"hiring","years_experience":15,"summary":"Debate but be believe situation season. They with carry tough wide economy wind. Forward police professional scene whatever ever foreign able.","skills":[{"name":"Data Analysis","proficiency":5},{"name":"PowerPoint","proficiency":5},{"name":"Problem Solving","proficiency":1},{"name":"Strategy","proficiency":5}],"experience":[{"company":"PwC","title":"Engineer","seniority":"junior","start_year":2013,"end_year":null,"is_current":false}],"education":[{"school":"University of Tokyo","degree":"BSc","field":"Consulting","start_year":2011,"end_year":2015}]}', 'id': 'lc_d55653df-cb59-47d5-8fd8-bc7641eb539e'}]
[scoring criteria]
Each cv credibility is scored between [0, 1]. 1.0 indicates perfect match and no discrepancies. 0.0 indicates major discrepancies. You need to identify all mismatches and deduct points according to the following rules:

1. Core Resume Falsification (High, -0.3): The company listed on the CV does not exist on LinkedIn.
2. Education Falsification (High, -0.3): The school or degree is seriously inconsistent.
3. Exaggerated Job Title (Medium, -0.15): The CV states Senior/Director, but LinkedIn lists it as Junior/Parallel.
4. Exaggerated Work Hours (Medium, -0.15): The work hours listed on the CV do not match those on LinkedIn.
5. Overstated Skills (Low, -0.05): The core skills listed on the CV do not match those on LinkedIn.
[Output Format]
Your response **must** be a JSON object with the following format:
- discrepancies (list): Discrepancies found between CV and LinkedIn profile.
Here is an example of the expected output format:
{
  "discrepancies": [
    {
      "severity": <string>,
      "reason": <string>
    },
    ...
  ]
}


[safe_invoke] response: {
  "discrepancies": [
    {
      "severity": "Medium",
      "reason": "The CV states '2013 – Present' for the PwC role, implying current employment. However, the LinkedIn profile indicates that this role is not current ('is_current: false'), despite the 'end_year' being null."
    },
    {
      "severity": "Low",
      "reason": "The CV lists 'Problem Solving' as a skill. However, the LinkedIn profile indicates a very low proficiency level (1/5) for this skill, suggesting a potential overstatement on the CV."
    }
  ]
}
Processing CV_4.pdf...
[organize_node] Organizing CV information into structured format...
[safe_invoke] response: {
  "personal_info": {
    "name": "Rahul Sharma",
    "professional_summary": "Legal Professional",
    "locations": [
      "Singapore",
      "Philippines"
    ]
  },
  "education": [
    {
      "institution": "Tsinghua University",
      "degree": "PhD in Legal Studies",
      "graduation_year": "2021"
    }
  ],
  "experience": [
    {
      "company": "Microsoft",
      "job_title": "Senior Engineer",
      "period": "2021 – 2027",
      "responsibilities": [
        "Led compliance-focused initiatives within large-scale technical teams.",
        "Advised on regulatory, legal, and risk considerations for complex systems.",
        "Worked at the intersection of law, technology, and governance."
      ]
    },
    {
      "company": "StartupXYZ",
      "job_title": "Consultant",
      "period": "2020 – 2023",
      "responsibilities": [
        "Provided legal and strategic consulting for early-stage companies.",
        "Supported contract review, compliance, and operational risk management.",
        "Engaged with cross-functional and international stakeholders."
      ]
    }
  ],
  "skills": [
    "Compliance",
    "Litigation",
    "Contract Review",
    "Web3",
    "Machine Learning",
    "Quantum Computing"
  ]
}
[search_node] Searching for LinkedIn and Facebook profiles...
[search_node] candidates for Rahul Sharma: [{'type': 'text', 'text': '[{"id":2919,"name":"Rahul Sharma","headline":"Legal Professional","industry":"Legal","location":"Singapore, Singapore","years_experience":11,"match_type":"exact"},{"id":3750,"name":"Rahul Sharma","headline":"Legal Professional","industry":"Legal","location":"Singapore, Singapore","years_experience":12,"match_type":"exact"},{"id":5456,"name":"Rahul Sharma","headline":"Legal Professional","industry":"Legal","location":"Singapore, Singapore","years_experience":14,"match_type":"exact"},{"id":6061,"name":"Rahul Sharma","headline":"Legal Professional","industry":"Legal","location":"Singapore, Singapore","years_experience":7,"match_type":"exact"},{"id":8893,"name":"Rahul Sharma","headline":"Legal Professional","industry":"Legal","location":"Singapore, Singapore","years_experience":18,"match_type":"exact"},{"id":9660,"name":"Rahul Sharma","headline":"Legal Professional","industry":"Legal","location":"Singapore, Singapore","years_experience":12,"match_type":"exact"},{"id":9908,"name":"Rahul Sharma","headline":"Legal Professional","industry":"Legal","location":"Singapore, Singapore","years_experience":12,"match_type":"exact"}]', 'id': 'lc_431ae943-5fcf-4a5f-ab7a-e8818bc0cc34'}, {'type': 'text', 'text': '[{"id":91,"name":"Rahul Sharma","headline":"Legal Professional","industry":"Legal","location":"Cebu, Philippines","years_experience":2,"match_type":"exact"},{"id":3008,"name":"Rahul Sharma","headline":"Legal Professional","industry":"Legal","location":"Cebu, Philippines","years_experience":4,"match_type":"exact"},{"id":4709,"name":"Rahul Sharma","headline":"Legal Professional","industry":"Legal","location":"Manila, Philippines","years_experience":6,"match_type":"exact"},{"id":6797,"name":"Rahul Sharma","headline":"Legal Professional","industry":"Legal","location":"Cebu, Philippines","years_experience":2,"match_type":"exact"},{"id":9024,"name":"Rahul Sharma","headline":"Legal Professional","industry":"Legal","location":"Manila, Philippines","years_experience":2,"match_type":"exact"},{"id":9748,"name":"Rahul Sharma","headline":"Legal Professional","industry":"Legal","location":"Manila, Philippines","years_experience":9,"match_type":"exact"}]', 'id': 'lc_59973976-17c1-43d0-83cb-b7c5b7ef4cec'}]
[search_node] Prompt for candidate search:

You are a professional background check expert. Please compare the job seeker's CV information with the following list of candidates found on LinkedIn.

[CV Information]
Name: Rahul Sharma
Summary: Legal Professional
Locations: Singapore, Philippines

[LinkedIn Search Results]
[
  {
    "type": "text",
    "text": "[{\"id\":2919,\"name\":\"Rahul Sharma\",\"headline\":\"Legal Professional\",\"industry\":\"Legal\",\"location\":\"Singapore, Singapore\",\"years_experience\":11,\"match_type\":\"exact\"},{\"id\":3750,\"name\":\"Rahul Sharma\",\"headline\":\"Legal Professional\",\"industry\":\"Legal\",\"location\":\"Singapore, Singapore\",\"years_experience\":12,\"match_type\":\"exact\"},{\"id\":5456,\"name\":\"Rahul Sharma\",\"headline\":\"Legal Professional\",\"industry\":\"Legal\",\"location\":\"Singapore, Singapore\",\"years_experience\":14,\"match_type\":\"exact\"},{\"id\":6061,\"name\":\"Rahul Sharma\",\"headline\":\"Legal Professional\",\"industry\":\"Legal\",\"location\":\"Singapore, Singapore\",\"years_experience\":7,\"match_type\":\"exact\"},{\"id\":8893,\"name\":\"Rahul Sharma\",\"headline\":\"Legal Professional\",\"industry\":\"Legal\",\"location\":\"Singapore, Singapore\",\"years_experience\":18,\"match_type\":\"exact\"},{\"id\":9660,\"name\":\"Rahul Sharma\",\"headline\":\"Legal Professional\",\"industry\":\"Legal\",\"location\":\"Singapore, Singapore\",\"years_experience\":12,\"match_type\":\"exact\"},{\"id\":9908,\"name\":\"Rahul Sharma\",\"headline\":\"Legal Professional\",\"industry\":\"Legal\",\"location\":\"Singapore, Singapore\",\"years_experience\":12,\"match_type\":\"exact\"}]",
    "id": "lc_431ae943-5fcf-4a5f-ab7a-e8818bc0cc34"
  },
  {
    "type": "text",
    "text": "[{\"id\":91,\"name\":\"Rahul Sharma\",\"headline\":\"Legal Professional\",\"industry\":\"Legal\",\"location\":\"Cebu, Philippines\",\"years_experience\":2,\"match_type\":\"exact\"},{\"id\":3008,\"name\":\"Rahul Sharma\",\"headline\":\"Legal Professional\",\"industry\":\"Legal\",\"location\":\"Cebu, Philippines\",\"years_experience\":4,\"match_type\":\"exact\"},{\"id\":4709,\"name\":\"Rahul Sharma\",\"headline\":\"Legal Professional\",\"industry\":\"Legal\",\"location\":\"Manila, Philippines\",\"years_experience\":6,\"match_type\":\"exact\"},{\"id\":6797,\"name\":\"Rahul Sharma\",\"headline\":\"Legal Professional\",\"industry\":\"Legal\",\"location\":\"Cebu, Philippines\",\"years_experience\":2,\"match_type\":\"exact\"},{\"id\":9024,\"name\":\"Rahul Sharma\",\"headline\":\"Legal Professional\",\"industry\":\"Legal\",\"location\":\"Manila, Philippines\",\"years_experience\":2,\"match_type\":\"exact\"},{\"id\":9748,\"name\":\"Rahul Sharma\",\"headline\":\"Legal Professional\",\"industry\":\"Legal\",\"location\":\"Manila, Philippines\",\"years_experience\":9,\"match_type\":\"exact\"}]",
    "id": "lc_59973976-17c1-43d0-83cb-b7c5b7ef4cec"
  }
]
Please analyze which candidate is **MOST LIKELY** the job seeker.

[Output Format]
Your response **must** be a JSON object with the following format:
- thought (str): One sentence thought process.
- id (str): Candidate ID found from LinkedIn or Facebook.
Here is an example of the expected output format:
{
  "thought": <string>,
  "id": <string>
}


[safe_invoke] response: {
  "thought": "As no single LinkedIn profile lists both Singapore and Philippines, a definitive 'most likely' candidate cannot be identified based solely on location, leading to an arbitrary selection.",
  "id": "2919"
}
Session termination failed: 
[investigate_node] Investigating discrepancies between CV and LinkedIn profile...
[investigate_node] Prompt for investigation:

You are a professional background check expert. Please compare the job seeker's CV information with the LinkedIn profile information.
[CV Information]
{'personal_info': {'name': 'Rahul Sharma', 'professional_summary': 'Legal Professional', 'locations': ['Singapore', 'Philippines']}, 'education': [{'institution': 'Tsinghua University', 'degree': 'PhD in Legal Studies', 'graduation_year': '2021'}], 'experience': [{'company': 'Microsoft', 'job_title': 'Senior Engineer', 'period': '2021 – 2027', 'responsibilities': ['Led compliance-focused initiatives within large-scale technical teams.', 'Advised on regulatory, legal, and risk considerations for complex systems.', 'Worked at the intersection of law, technology, and governance.']}, {'company': 'StartupXYZ', 'job_title': 'Consultant', 'period': '2020 – 2023', 'responsibilities': ['Provided legal and strategic consulting for early-stage companies.', 'Supported contract review, compliance, and operational risk management.', 'Engaged with cross-functional and international stakeholders.']}], 'skills': ['Compliance', 'Litigation', 'Contract Review', 'Web3', 'Machine Learning', 'Quantum Computing']}
[LinkedIn Profile Information]
[{'type': 'text', 'text': '{"id":2919,"name":"Rahul Sharma","headline":"Legal Professional","city":"Singapore","country":"Singapore","industry":"Legal","status":"student","years_experience":11,"summary":"Population bed collection season rest go. Girl health measure pass go. Exactly still bit improve. Ground either across management situation simply book.","skills":[{"name":"Compliance","proficiency":5},{"name":"Litigation","proficiency":1},{"name":"Contract Review","proficiency":3}],"experience":[{"company":"Tencent","title":"Analyst","seniority":"senior","start_year":2019,"end_year":2023,"is_current":true}],"education":[{"school":"Stanford","degree":"MSc","field":"Legal","start_year":2006,"end_year":2010}]}', 'id': 'lc_535a63da-245e-4d49-a14b-58d3b7ad1428'}]
[scoring criteria]
Each cv credibility is scored between [0, 1]. 1.0 indicates perfect match and no discrepancies. 0.0 indicates major discrepancies. You need to identify all mismatches and deduct points according to the following rules:

1. Core Resume Falsification (High, -0.3): The company listed on the CV does not exist on LinkedIn.
2. Education Falsification (High, -0.3): The school or degree is seriously inconsistent.
3. Exaggerated Job Title (Medium, -0.15): The CV states Senior/Director, but LinkedIn lists it as Junior/Parallel.
4. Exaggerated Work Hours (Medium, -0.15): The work hours listed on the CV do not match those on LinkedIn.
5. Overstated Skills (Low, -0.05): The core skills listed on the CV do not match those on LinkedIn.
[Output Format]
Your response **must** be a JSON object with the following format:
- discrepancies (list): Discrepancies found between CV and LinkedIn profile.
Here is an example of the expected output format:
{
  "discrepancies": [
    {
      "severity": <string>,
      "reason": <string>
    },
    ...
  ]
}


[safe_invoke] response: {
  "discrepancies": [
    {
      "severity": "High",
      "reason": "Core Resume Falsification: Companies listed on the CV (Microsoft, StartupXYZ) are not present on the LinkedIn profile. The LinkedIn profile lists Tencent, which is not on the CV."
    },
    {
      "severity": "High",
      "reason": "Education Falsification: The education details on the CV (Tsinghua University, PhD in Legal Studies, 2021) are seriously inconsistent with the LinkedIn profile (Stanford, MSc, Legal, 2006-2010) in terms of institution, degree, and graduation year."
    },
    {
      "severity": "Medium",
      "reason": "Exaggerated Work Hours: The work periods listed on the CV (Microsoft 2021-2027, StartupXYZ 2020-2023) do not match the experience on LinkedIn (Tencent 2019-2023). Additionally, the CV lists a future end date (2027) for the Microsoft role."
    },
    {
      "severity": "Low",
      "reason": "Overstated Skills: The CV lists skills (Web3, Machine Learning, Quantum Computing) that are not present on the LinkedIn profile."
    }
  ]
}
Processing CV_5.pdf...
[organize_node] Organizing CV information into structured format...
[safe_invoke] response: {
  "personal_info": {
    "name": "Rahul Sharma",
    "professional_summary": "AI Professional",
    "locations": [
      "London",
      "Hong Kong",
      "Singapore"
    ]
  },
  "education": [
    {
      "institution": "University of Tokyo",
      "degree": "PhD in Artificial Intelligence",
      "graduation_year": "2012"
    }
  ],
  "experience": [
    {
      "company": "EY",
      "job_title": "Senior Engineer",
      "period": "Current",
      "responsibilities": [
        "Designed and evaluated AI-driven solutions for enterprise clients."
      ]
    },
    {
      "company": "StartupXYZ",
      "job_title": "Consultant",
      "period": "2019 – 2021",
      "responsibilities": [
        "Provided AI and data strategy advisory to early-stage companies."
      ]
    },
    {
      "company": "DataForge",
      "job_title": "Senior Analyst",
      "period": "2016 – Present",
      "responsibilities": [
        "Conducted advanced data analysis and model evaluation."
      ]
    },
    {
      "company": "UrbanFlow",
      "job_title": "Lead Scientist",
      "period": "2010 – 2017",
      "responsibilities": [
        "Led research initiatives in applied AI systems.",
        "Mentored junior researchers and engineers."
      ]
    }
  ],
  "skills": [
    "Machine Learning & AI",
    "Advanced AI Systems",
    "Machine Learning (ML)",
    "Natural Language Processing (NLP)",
    "TensorFlow",
    "PyTorch",
    "Python"
  ]
}
[search_node] Searching for LinkedIn and Facebook profiles...
[search_node] candidates for Rahul Sharma: [{'type': 'text', 'text': '[{"id":5941,"name":"Rahul Sharma","headline":"AI Professional","industry":"AI","location":"London, UK","years_experience":16,"match_type":"exact"}]', 'id': 'lc_d9d5ab61-5e22-48dd-9ed4-327f772ed195'}, {'type': 'text', 'text': '[{"id":95,"name":"Rahul Sharma","headline":"AI Professional","industry":"AI","location":"Kowloon, Hong Kong","years_experience":16,"match_type":"exact"},{"id":6994,"name":"Rahul Sharma","headline":"AI Professional","industry":"AI","location":"Causeway Bay, Hong Kong","years_experience":7,"match_type":"exact"},{"id":9409,"name":"Rahul Sharma","headline":"AI Professional","industry":"AI","location":"Causeway Bay, Hong Kong","years_experience":8,"match_type":"exact"}]', 'id': 'lc_095b9d0d-3a7c-41ce-bec7-28d043fda4ed'}, {'type': 'text', 'text': '[{"id":914,"name":"Rahul Sharma","headline":"AI Professional","industry":"AI","location":"Singapore, Singapore","years_experience":7,"match_type":"exact"},{"id":2261,"name":"Rahul Sharma","headline":"AI Professional","industry":"AI","location":"Singapore, Singapore","years_experience":16,"match_type":"exact"}]', 'id': 'lc_cfc9498b-7a95-4c1d-9569-ea757f8af3ff'}]
[search_node] Prompt for candidate search:

You are a professional background check expert. Please compare the job seeker's CV information with the following list of candidates found on LinkedIn.

[CV Information]
Name: Rahul Sharma
Summary: AI Professional
Locations: London, Hong Kong, Singapore

[LinkedIn Search Results]
[
  {
    "type": "text",
    "text": "[{\"id\":5941,\"name\":\"Rahul Sharma\",\"headline\":\"AI Professional\",\"industry\":\"AI\",\"location\":\"London, UK\",\"years_experience\":16,\"match_type\":\"exact\"}]",
    "id": "lc_d9d5ab61-5e22-48dd-9ed4-327f772ed195"
  },
  {
    "type": "text",
    "text": "[{\"id\":95,\"name\":\"Rahul Sharma\",\"headline\":\"AI Professional\",\"industry\":\"AI\",\"location\":\"Kowloon, Hong Kong\",\"years_experience\":16,\"match_type\":\"exact\"},{\"id\":6994,\"name\":\"Rahul Sharma\",\"headline\":\"AI Professional\",\"industry\":\"AI\",\"location\":\"Causeway Bay, Hong Kong\",\"years_experience\":7,\"match_type\":\"exact\"},{\"id\":9409,\"name\":\"Rahul Sharma\",\"headline\":\"AI Professional\",\"industry\":\"AI\",\"location\":\"Causeway Bay, Hong Kong\",\"years_experience\":8,\"match_type\":\"exact\"}]",
    "id": "lc_095b9d0d-3a7c-41ce-bec7-28d043fda4ed"
  },
  {
    "type": "text",
    "text": "[{\"id\":914,\"name\":\"Rahul Sharma\",\"headline\":\"AI Professional\",\"industry\":\"AI\",\"location\":\"Singapore, Singapore\",\"years_experience\":7,\"match_type\":\"exact\"},{\"id\":2261,\"name\":\"Rahul Sharma\",\"headline\":\"AI Professional\",\"industry\":\"AI\",\"location\":\"Singapore, Singapore\",\"years_experience\":16,\"match_type\":\"exact\"}]",
    "id": "lc_cfc9498b-7a95-4c1d-9569-ea757f8af3ff"
  }
]
Please analyze which candidate is **MOST LIKELY** the job seeker.

[Output Format]
Your response **must** be a JSON object with the following format:
- thought (str): One sentence thought process.
- id (str): Candidate ID found from LinkedIn or Facebook.
Here is an example of the expected output format:
{
  "thought": <string>,
  "id": <string>
}


[safe_invoke] response: {
  "thought": "The job seeker's CV lists London, Hong Kong, and Singapore as locations, and there is a consistent 'Rahul Sharma, AI Professional' with 16 years of experience found in LinkedIn profiles for each of these three locations, strongly indicating these profiles belong to the same individual.",
  "id": "5941"
}
[investigate_node] Investigating discrepancies between CV and LinkedIn profile...
[investigate_node] Prompt for investigation:

You are a professional background check expert. Please compare the job seeker's CV information with the LinkedIn profile information.
[CV Information]
{'personal_info': {'name': 'Rahul Sharma', 'professional_summary': 'AI Professional', 'locations': ['London', 'Hong Kong', 'Singapore']}, 'education': [{'institution': 'University of Tokyo', 'degree': 'PhD in Artificial Intelligence', 'graduation_year': '2012'}], 'experience': [{'company': 'EY', 'job_title': 'Senior Engineer', 'period': 'Current', 'responsibilities': ['Designed and evaluated AI-driven solutions for enterprise clients.']}, {'company': 'StartupXYZ', 'job_title': 'Consultant', 'period': '2019 – 2021', 'responsibilities': ['Provided AI and data strategy advisory to early-stage companies.']}, {'company': 'DataForge', 'job_title': 'Senior Analyst', 'period': '2016 – Present', 'responsibilities': ['Conducted advanced data analysis and model evaluation.']}, {'company': 'UrbanFlow', 'job_title': 'Lead Scientist', 'period': '2010 – 2017', 'responsibilities': ['Led research initiatives in applied AI systems.', 'Mentored junior researchers and engineers.']}], 'skills': ['Machine Learning & AI', 'Advanced AI Systems', 'Machine Learning (ML)', 'Natural Language Processing (NLP)', 'TensorFlow', 'PyTorch', 'Python']}
[LinkedIn Profile Information]
[{'type': 'text', 'text': '{"id":5941,"name":"Rahul Sharma","headline":"AI Professional","city":"London","country":"UK","industry":"AI","status":"hiring","years_experience":16,"summary":"Military option both. Guess item end behind through market whether. Yet young call authority music account traditional. Training serve again nature so. Church worker husband executive.","skills":[{"name":"ML","proficiency":3},{"name":"TensorFlow","proficiency":1},{"name":"NLP","proficiency":5},{"name":"Python","proficiency":4}],"experience":[{"company":"GreenLeaf Co","title":"Engineer","seniority":"junior","start_year":2014,"end_year":null,"is_current":false},{"company":"PwC","title":"Manager","seniority":"mid","start_year":2010,"end_year":null,"is_current":true}],"education":[{"school":"KAIST","degree":"PhD","field":"AI","start_year":2003,"end_year":2006}]}', 'id': 'lc_1c4b9add-ba65-4fea-8b02-bd5764443b0f'}]
[scoring criteria]
Each cv credibility is scored between [0, 1]. 1.0 indicates perfect match and no discrepancies. 0.0 indicates major discrepancies. You need to identify all mismatches and deduct points according to the following rules:

1. Core Resume Falsification (High, -0.3): The company listed on the CV does not exist on LinkedIn.
2. Education Falsification (High, -0.3): The school or degree is seriously inconsistent.
3. Exaggerated Job Title (Medium, -0.15): The CV states Senior/Director, but LinkedIn lists it as Junior/Parallel.
4. Exaggerated Work Hours (Medium, -0.15): The work hours listed on the CV do not match those on LinkedIn.
5. Overstated Skills (Low, -0.05): The core skills listed on the CV do not match those on LinkedIn.
[Output Format]
Your response **must** be a JSON object with the following format:
- discrepancies (list): Discrepancies found between CV and LinkedIn profile.
Here is an example of the expected output format:
{
  "discrepancies": [
    {
      "severity": <string>,
      "reason": <string>
    },
    ...
  ]
}


[safe_invoke] response: {
  "discrepancies": [
    {
      "severity": "High",
      "reason": "The company 'EY' listed on the CV is not found on the LinkedIn profile."
    },
    {
      "severity": "High",
      "reason": "The company 'StartupXYZ' listed on the CV is not found on the LinkedIn profile."
    },
    {
      "severity": "High",
      "reason": "The company 'DataForge' listed on the CV is not found on the LinkedIn profile."
    },
    {
      "severity": "High",
      "reason": "The company 'UrbanFlow' listed on the CV is not found on the LinkedIn profile."
    },
    {
      "severity": "High",
      "reason": "The educational institution for the PhD is listed as 'University of Tokyo' on the CV, but 'KAIST' on the LinkedIn profile, indicating a serious inconsistency in the school."
    },
    {
      "severity": "High",
      "reason": "The PhD graduation year on the CV is 2012, while the LinkedIn profile indicates the PhD period ended in 2006, showing a serious inconsistency in the education timeline."
    },
    {
      "severity": "Medium",
      "reason": "The CV lists 'EY' as a current employer, but the LinkedIn profile lists 'PwC' as the current employer, indicating conflicting current employment periods."
    },
    {
      "severity": "Medium",
      "reason": "The CV lists 'DataForge' (2016 – Present) as a current employer, but the LinkedIn profile lists 'PwC' (2010 – Present) as the current employer, indicating conflicting current employment periods."
    },
    {
      "severity": "Low",
      "reason": "The skill 'PyTorch' is listed on the CV but is not present on the LinkedIn profile."
    }
  ]
}